Initial A:
 [[0.28261752 0.71738248]
 [0.55010153 0.44989847]]
Initial B:
 [[0.50003865 0.49996135]
 [0.06284339 0.93715661]]
Initial pi: [0.5 0.5]
A:
 [[0.40991307 0.59008693]
 [0.71332768 0.28667232]]
B:
 [[0.80281928 0.19718072]
 [0.22371131 0.77628869]]
pi:
 [0.53111906 0.46888094]
LL with fitted params: -1027.0758697507836
Best state sequence for using fitted params:
 [0, 1, 0, 1, 0, 1, 1, 1, 0, 0, 0, 0, 0, 1, 0, 1, 0, 1, 0, 1, 0, 0, 1, 1, 1, 1, 0, 0, 0, 1]
[0 1 0 1 0 1 0 1 0 0 0 0 0 1 0 1 0 1 0 1 0 0 1 1 0 1 0 0 0 1]
LL with true params: -1059.7229160265022
Best state sequence for using optimal/real params:
 [0, 1, 0, 1, 0, 1, 1, 1, 0, 0, 0, 0, 0, 1, 0, 1, 0, 1, 0, 1, 0, 0, 1, 1, 1, 1, 0, 0, 0, 1]
[0 1 0 1 0 1 0 1 0 1 0 1 0 1 0 1 0 1 0 1 0 1 0 1 0 1 0 1 0 1]
